[[ERROR_LOG]]
[2026-03-30 19:39:09] - [2026-03-31 23:41:42] 19 times
key="64f0bf2edbbc7b082b716c276c153a84b78afb39"
title="PHP EXCEPTION"
type="EXCEPTION"
class="PDOException"
message="SQLSTATE[42S02]: Base table or view not found: 1146 Table 'examgripper.kategorie' doesn't exist"
file="C:\\xampp\\htdocs\\ExamGripper\\framework\\db.php"
line=223
method="GET"
url="/ExamGripper/kategorie/"
trace="#0 C:\\xampp\\htdocs\\ExamGripper\\framework\\db.php(223): PDOStatement->execute(Array)\n#1 C:\\xampp\\htdocs\\ExamGripper\\framework\\db.php(252): DB::runQuery('query', 'SELECT `id`, `n...', Array, false)\n#2 C:\\xampp\\htdocs\\ExamGripper\\framework\\db.php(261): DB::runQuery('query', 'SELECT `id`, `n...', Array)\n#3 C:\\xampp\\htdocs\\ExamGripper\\framework\\db.php(291): DB::query('SELECT `id`, `n...', Array)\n#4 C:\\xampp\\htdocs\\ExamGripper\\framework\\db.php(372): DB_QUERY('SELECT `id`, `n...', Array)\n#5 C:\\xampp\\htdocs\\ExamGripper\\app\\pages\\kategorie.php(41): DB_SELECT('kategorie', Array, Array, 'ORDER BY id ASC')\n#6 C:\\xampp\\htdocs\\ExamGripper\\index.php(52): require('C:\\\\xampp\\\\htdocs...')\n#7 {main}"
count=19
first_at="2026-03-30 19:39:09"
last_at="2026-03-31 23:41:42"
[[/ERROR_LOG]]

[[ERROR_LOG]]
[2026-03-30 19:39:14] - [2026-03-31 23:48:35] 18 times
key="cee4abcb4e6b4bdca9ec9bd64d8ab5c7f112bbe6"
title="PHP EXCEPTION"
type="EXCEPTION"
class="PDOException"
message="SQLSTATE[42S02]: Base table or view not found: 1146 Table 'examgripper.pytania' doesn't exist"
file="C:\\xampp\\htdocs\\ExamGripper\\framework\\db.php"
line=223
method="GET"
url="/ExamGripper/zadania/"
trace="#0 C:\\xampp\\htdocs\\ExamGripper\\framework\\db.php(223): PDOStatement->execute(Array)\n#1 C:\\xampp\\htdocs\\ExamGripper\\framework\\db.php(252): DB::runQuery('get', 'SELECT * FROM p...', Array, false)\n#2 C:\\xampp\\htdocs\\ExamGripper\\framework\\db.php(270): DB::runQuery('get', 'SELECT * FROM p...', Array)\n#3 C:\\xampp\\htdocs\\ExamGripper\\framework\\db.php(296): DB::get('SELECT * FROM p...', Array)\n#4 C:\\xampp\\htdocs\\ExamGripper\\app\\pages\\zadania.php(11): DB_GET('SELECT * FROM p...')\n#5 C:\\xampp\\htdocs\\ExamGripper\\index.php(52): require('C:\\\\xampp\\\\htdocs...')\n#6 {main}"
count=18
first_at="2026-03-30 19:39:14"
last_at="2026-03-31 23:48:35"
[[/ERROR_LOG]]

